-------------------------------------------------------------------------------
Test set: dio.budgeting.infrastructure.ai.AiServiceTest
-------------------------------------------------------------------------------
Tests run: 3, Failures: 0, Errors: 1, Skipped: 0, Time elapsed: 0.625 s <<< FAILURE! -- in dio.budgeting.infrastructure.ai.AiServiceTest
dio.budgeting.infrastructure.ai.AiServiceTest.shouldTranscribeAudio -- Time elapsed: 0.086 s <<< ERROR!
java.lang.ClassCastException: class org.springframework.ai.audio.transcription.AudioTranscriptionPrompt cannot be cast to class org.springframework.ai.openai.audio.speech.SpeechPrompt (org.springframework.ai.audio.transcription.AudioTranscriptionPrompt and org.springframework.ai.openai.audio.speech.SpeechPrompt are in unnamed module of loader 'app')
	at org.springframework.ai.openai.audio.speech.SpeechModel$MockitoMock$MPsboCNN.call(Unknown Source)
	at dio.budgeting.infrastructure.ai.AiService.transcribeAudio(AiService.java:41)
	at dio.budgeting.infrastructure.ai.AiServiceTest.shouldTranscribeAudio(AiServiceTest.java:53)
	at java.base/java.lang.reflect.Method.invoke(Method.java:565)
	at java.base/java.util.ArrayList.forEach(ArrayList.java:1604)
	at java.base/java.util.ArrayList.forEach(ArrayList.java:1604)

