<?xml version="1.0" encoding="UTF-8"?>
<testsuite xmlns:xsi="http://www.w3.org/2001/XMLSchema-instance" xsi:noNamespaceSchemaLocation="https://maven.apache.org/surefire/maven-surefire-plugin/xsd/surefire-test-report-3.0.xsd" version="3.0" name="dio.budgeting.BudgetingApplicationTests" time="9.103" tests="26" errors="0" skipped="0" failures="0">
  <properties>
[...]
</properties>
  <testcase name="shouldGetTotalExpenseBetweenDates" classname="dio.budgeting.BudgetingApplicationTests" time="0.823">
    <system-out><![CDATA[15:38:47.478 [main] INFO org.springframework.test.context.support.AnnotationConfigContextLoaderUtils -- Could not detect default configuration classes for test class [dio.budgeting.BudgetingApplicationTests]: BudgetingApplicationTests does not declare any static, non-private, non-final, nested classes annotated with @Configuration.
15:38:47.631 [main] INFO org.springframework.boot.test.context.SpringBootTestContextBootstrapper -- Found @SpringBootConfiguration dio.budgeting.BudgetingApplication for test class dio.budgeting.BudgetingApplicationTests

  .   ____          _            __ _ _
 /\\ / ___'_ __ _ _(_)_ __  __ _ \ \ \ \
( ( )\___ | '_ | '_| | '_ \/ _` | \ \ \ \
 \\/  ___)| |_)| | | | | || (_| |  ) ) ) )
  '  |____| .__|_| |_|_| |_\__, | / / / /
 =========|_|==============|___/=/_/_/_/

 :: Spring Boot ::                (v3.3.2)

2026-06-28T15:38:48.190-03:00  INFO 2576 --- [           main] d.budgeting.BudgetingApplicationTests    : Starting BudgetingApplicationTests using Java 25.0.1 with PID 2576 (started by lucas in C:\Users\lucas\OneDrive\Desktop\Dio)
2026-06-28T15:38:48.191-03:00 DEBUG 2576 --- [           main] d.budgeting.BudgetingApplicationTests    : Running with Spring Boot v3.3.2, Spring v6.1.11
2026-06-28T15:38:48.192-03:00  INFO 2576 --- [           main] d.budgeting.BudgetingApplicationTests    : The following 1 profile is active: "test"
2026-06-28T15:38:49.453-03:00  INFO 2576 --- [           main] .s.d.r.c.RepositoryConfigurationDelegate : Bootstrapping Spring Data JPA repositories in DEFAULT mode.
2026-06-28T15:38:49.654-03:00  INFO 2576 --- [           main] .s.d.r.c.RepositoryConfigurationDelegate : Finished Spring Data repository scanning in 190 ms. Found 1 JPA repository interface.
2026-06-28T15:38:50.256-03:00  INFO 2576 --- [           main] o.hibernate.jpa.internal.util.LogHelper  : HHH000204: Processing PersistenceUnitInfo [name: default]
2026-06-28T15:38:50.361-03:00  INFO 2576 --- [           main] org.hibernate.Version                    : HHH000412: Hibernate ORM core version 6.5.2.Final
2026-06-28T15:38:50.415-03:00  INFO 2576 --- [           main] o.h.c.internal.RegionFactoryInitiator    : HHH000026: Second-level cache disabled
2026-06-28T15:38:50.911-03:00  INFO 2576 --- [           main] o.s.o.j.p.SpringPersistenceUnitInfo      : No LoadTimeWeaver setup: ignoring JPA class transformer
2026-06-28T15:38:50.950-03:00  INFO 2576 --- [           main] com.zaxxer.hikari.HikariDataSource       : HikariPool-1 - Starting...
2026-06-28T15:38:51.201-03:00  INFO 2576 --- [           main] com.zaxxer.hikari.pool.HikariPool        : HikariPool-1 - Added connection conn0: url=jdbc:h2:mem:testdb user=SA
2026-06-28T15:38:51.204-03:00  INFO 2576 --- [           main] com.zaxxer.hikari.HikariDataSource       : HikariPool-1 - Start completed.
2026-06-28T15:38:51.238-03:00  WARN 2576 --- [           main] org.hibernate.orm.deprecation            : HHH90000025: H2Dialect does not need to be specified explicitly using 'hibernate.dialect' (remove the property setting and it will be selected by default)
2026-06-28T15:38:52.381-03:00  INFO 2576 --- [           main] o.h.e.t.j.p.i.JtaPlatformInitiator       : HHH000489: No JTA platform available (set 'hibernate.transaction.jta.platform' to enable JTA platform integration)
Hibernate: 
    drop table if exists transactions cascade 
Hibernate: 
    create table transactions (
        amount numeric(19,2) not null,
        created_at timestamp(6) not null,
        updated_at timestamp(6),
        id uuid not null,
        category varchar(100) not null,
        description varchar(255) not null,
        type enum ('EXPENSE','INCOME') not null,
        primary key (id)
    )
2026-06-28T15:38:52.440-03:00  INFO 2576 --- [           main] j.LocalContainerEntityManagerFactoryBean : Initialized JPA EntityManagerFactory for persistence unit 'default'
2026-06-28T15:38:52.831-03:00  INFO 2576 --- [           main] o.s.d.j.r.query.QueryEnhancerFactory     : Hibernate is in classpath; If applicable, HQL parser will be used.
2026-06-28T15:38:54.717-03:00  WARN 2576 --- [           main] JpaBaseConfiguration$JpaWebConfiguration : spring.jpa.open-in-view is enabled by default. Therefore, database queries may be performed during view rendering. Explicitly configure spring.jpa.open-in-view to disable this warning
2026-06-28T15:38:55.154-03:00  INFO 2576 --- [           main] o.s.b.a.h2.H2ConsoleAutoConfiguration    : H2 console available at '/h2-console'. Database available at 'jdbc:h2:mem:testdb'
2026-06-28T15:38:55.218-03:00  INFO 2576 --- [           main] d.budgeting.BudgetingApplicationTests    : Started BudgetingApplicationTests in 7.385 seconds (process running for 8.888)
Hibernate: 
    insert 
    into
        transactions
        (amount, category, created_at, description, type, updated_at, id) 
    values
        (?, ?, ?, ?, ?, ?, ?)
Hibernate: 
    insert 
    into
        transactions
        (amount, category, created_at, description, type, updated_at, id) 
    values
        (?, ?, ?, ?, ?, ?, ?)
Hibernate: 
    insert 
    into
        transactions
        (amount, category, created_at, description, type, updated_at, id) 
    values
        (?, ?, ?, ?, ?, ?, ?)
Hibernate: 
    select
        coalesce(sum(t1_0.amount), 0) 
    from
        transactions t1_0 
    where
        t1_0.type=? 
        and t1_0.created_at>=? 
        and t1_0.created_at<?
]]></system-out>
    <system-err><![CDATA[WARNING: A Java agent has been loaded dynamically (C:\Users\lucas\.m2\repository\net\bytebuddy\byte-buddy-agent\1.14.18\byte-buddy-agent-1.14.18.jar)
WARNING: If a serviceability tool is in use, please run with -XX:+EnableDynamicAgentLoading to hide this warning
WARNING: If a serviceability tool is not in use, please run with -Djdk.instrument.traceUsage for more information
WARNING: Dynamic loading of agents will be disallowed by default in a future release
]]></system-err>
  </testcase>
  <testcase name="shouldFindByType" classname="dio.budgeting.BudgetingApplicationTests" time="0.043">
    <system-out><![CDATA[Hibernate: 
    insert 
    into
        transactions
        (amount, category, created_at, description, type, updated_at, id) 
    values
        (?, ?, ?, ?, ?, ?, ?)
Hibernate: 
    insert 
    into
        transactions
        (amount, category, created_at, description, type, updated_at, id) 
    values
        (?, ?, ?, ?, ?, ?, ?)
Hibernate: 
    insert 
    into
        transactions
        (amount, category, created_at, description, type, updated_at, id) 
    values
        (?, ?, ?, ?, ?, ?, ?)
Hibernate: 
    select
        t1_0.id,
        t1_0.amount,
        t1_0.category,
        t1_0.created_at,
        t1_0.description,
        t1_0.type,
        t1_0.updated_at 
    from
        transactions t1_0 
    where
        t1_0.type=? 
    order by
        t1_0.created_at desc
Hibernate: 
    select
        t1_0.id,
        t1_0.amount,
        t1_0.category,
        t1_0.created_at,
        t1_0.description,
        t1_0.type,
        t1_0.updated_at 
    from
        transactions t1_0 
    where
        t1_0.type=? 
    order by
        t1_0.created_at desc
]]></system-out>
  </testcase>
  <testcase name="shouldRejectNullCategory" classname="dio.budgeting.BudgetingApplicationTests" time="0.006"/>
  <testcase name="shouldTrimDescriptionAndCategory" classname="dio.budgeting.BudgetingApplicationTests" time="0.004"/>
  <testcase name="shouldGetTotalIncomeBetweenDates" classname="dio.budgeting.BudgetingApplicationTests" time="0.012">
    <system-out><![CDATA[Hibernate: 
    insert 
    into
        transactions
        (amount, category, created_at, description, type, updated_at, id) 
    values
        (?, ?, ?, ?, ?, ?, ?)
Hibernate: 
    insert 
    into
        transactions
        (amount, category, created_at, description, type, updated_at, id) 
    values
        (?, ?, ?, ?, ?, ?, ?)
Hibernate: 
    insert 
    into
        transactions
        (amount, category, created_at, description, type, updated_at, id) 
    values
        (?, ?, ?, ?, ?, ?, ?)
Hibernate: 
    select
        coalesce(sum(t1_0.amount), 0) 
    from
        transactions t1_0 
    where
        t1_0.type=? 
        and t1_0.created_at>=? 
        and t1_0.created_at<?
]]></system-out>
  </testcase>
  <testcase name="shouldCreateIncome" classname="dio.budgeting.BudgetingApplicationTests" time="0.005"/>
  <testcase name="shouldRejectNullDescription" classname="dio.budgeting.BudgetingApplicationTests" time="0.004"/>
  <testcase name="shouldCreateExpense" classname="dio.budgeting.BudgetingApplicationTests" time="0.004"/>
  <testcase name="shouldFindByDateRange" classname="dio.budgeting.BudgetingApplicationTests" time="0.012">
    <system-out><![CDATA[Hibernate: 
    insert 
    into
        transactions
        (amount, category, created_at, description, type, updated_at, id) 
    values
        (?, ?, ?, ?, ?, ?, ?)
Hibernate: 
    insert 
    into
        transactions
        (amount, category, created_at, description, type, updated_at, id) 
    values
        (?, ?, ?, ?, ?, ?, ?)
Hibernate: 
    select
        t1_0.id,
        t1_0.amount,
        t1_0.category,
        t1_0.created_at,
        t1_0.description,
        t1_0.type,
        t1_0.updated_at 
    from
        transactions t1_0 
    where
        t1_0.created_at>=? 
        and t1_0.created_at<? 
    order by
        t1_0.created_at desc
]]></system-out>
  </testcase>
  <testcase name="shouldGetMonthlySummary" classname="dio.budgeting.BudgetingApplicationTests" time="0.011">
    <system-out><![CDATA[Hibernate: 
    insert 
    into
        transactions
        (amount, category, created_at, description, type, updated_at, id) 
    values
        (?, ?, ?, ?, ?, ?, ?)
Hibernate: 
    insert 
    into
        transactions
        (amount, category, created_at, description, type, updated_at, id) 
    values
        (?, ?, ?, ?, ?, ?, ?)
Hibernate: 
    select
        t1_0.id,
        t1_0.amount,
        t1_0.category,
        t1_0.created_at,
        t1_0.description,
        t1_0.type,
        t1_0.updated_at 
    from
        transactions t1_0 
    where
        t1_0.created_at>=? 
        and t1_0.created_at<? 
    order by
        t1_0.created_at desc
]]></system-out>
  </testcase>
  <testcase name="shouldGetLargestTransactions" classname="dio.budgeting.BudgetingApplicationTests" time="0.015">
    <system-out><![CDATA[Hibernate: 
    insert 
    into
        transactions
        (amount, category, created_at, description, type, updated_at, id) 
    values
        (?, ?, ?, ?, ?, ?, ?)
Hibernate: 
    insert 
    into
        transactions
        (amount, category, created_at, description, type, updated_at, id) 
    values
        (?, ?, ?, ?, ?, ?, ?)
Hibernate: 
    insert 
    into
        transactions
        (amount, category, created_at, description, type, updated_at, id) 
    values
        (?, ?, ?, ?, ?, ?, ?)
Hibernate: 
    insert 
    into
        transactions
        (amount, category, created_at, description, type, updated_at, id) 
    values
        (?, ?, ?, ?, ?, ?, ?)
Hibernate: 
    insert 
    into
        transactions
        (amount, category, created_at, description, type, updated_at, id) 
    values
        (?, ?, ?, ?, ?, ?, ?)
Hibernate: 
    insert 
    into
        transactions
        (amount, category, created_at, description, type, updated_at, id) 
    values
        (?, ?, ?, ?, ?, ?, ?)
Hibernate: 
    select
        t1_0.id,
        t1_0.amount,
        t1_0.category,
        t1_0.created_at,
        t1_0.description,
        t1_0.type,
        t1_0.updated_at 
    from
        transactions t1_0 
    order by
        t1_0.amount desc 
    fetch
        first ? rows only
]]></system-out>
  </testcase>
  <testcase name="shouldRejectBlankDescription" classname="dio.budgeting.BudgetingApplicationTests" time="0.005"/>
  <testcase name="shouldRejectNegativeAmount" classname="dio.budgeting.BudgetingApplicationTests" time="0.004"/>
  <testcase name="shouldGetExpensesByCategory" classname="dio.budgeting.BudgetingApplicationTests" time="0.016">
    <system-out><![CDATA[Hibernate: 
    insert 
    into
        transactions
        (amount, category, created_at, description, type, updated_at, id) 
    values
        (?, ?, ?, ?, ?, ?, ?)
Hibernate: 
    insert 
    into
        transactions
        (amount, category, created_at, description, type, updated_at, id) 
    values
        (?, ?, ?, ?, ?, ?, ?)
Hibernate: 
    insert 
    into
        transactions
        (amount, category, created_at, description, type, updated_at, id) 
    values
        (?, ?, ?, ?, ?, ?, ?)
Hibernate: 
    select
        t1_0.category,
        sum(t1_0.amount) 
    from
        transactions t1_0 
    where
        t1_0.type='EXPENSE' 
        and t1_0.created_at>=? 
        and t1_0.created_at<? 
    group by
        t1_0.category 
    order by
        2 desc
]]></system-out>
  </testcase>
  <testcase name="shouldSearchByDescription" classname="dio.budgeting.BudgetingApplicationTests" time="0.016">
    <system-out><![CDATA[Hibernate: 
    insert 
    into
        transactions
        (amount, category, created_at, description, type, updated_at, id) 
    values
        (?, ?, ?, ?, ?, ?, ?)
Hibernate: 
    insert 
    into
        transactions
        (amount, category, created_at, description, type, updated_at, id) 
    values
        (?, ?, ?, ?, ?, ?, ?)
Hibernate: 
    insert 
    into
        transactions
        (amount, category, created_at, description, type, updated_at, id) 
    values
        (?, ?, ?, ?, ?, ?, ?)
Hibernate: 
    select
        t1_0.id,
        t1_0.amount,
        t1_0.category,
        t1_0.created_at,
        t1_0.description,
        t1_0.type,
        t1_0.updated_at 
    from
        transactions t1_0 
    where
        upper(t1_0.description) like upper(?) escape '\' 
    order by
        t1_0.created_at desc
]]></system-out>
  </testcase>
  <testcase name="shouldFindByCategory" classname="dio.budgeting.BudgetingApplicationTests" time="0.015">
    <system-out><![CDATA[Hibernate: 
    insert 
    into
        transactions
        (amount, category, created_at, description, type, updated_at, id) 
    values
        (?, ?, ?, ?, ?, ?, ?)
Hibernate: 
    insert 
    into
        transactions
        (amount, category, created_at, description, type, updated_at, id) 
    values
        (?, ?, ?, ?, ?, ?, ?)
Hibernate: 
    insert 
    into
        transactions
        (amount, category, created_at, description, type, updated_at, id) 
    values
        (?, ?, ?, ?, ?, ?, ?)
Hibernate: 
    select
        t1_0.id,
        t1_0.amount,
        t1_0.category,
        t1_0.created_at,
        t1_0.description,
        t1_0.type,
        t1_0.updated_at 
    from
        transactions t1_0 
    where
        t1_0.category=? 
    order by
        t1_0.created_at desc
Hibernate: 
    select
        t1_0.id,
        t1_0.amount,
        t1_0.category,
        t1_0.created_at,
        t1_0.description,
        t1_0.type,
        t1_0.updated_at 
    from
        transactions t1_0 
    where
        t1_0.category=? 
    order by
        t1_0.created_at desc
]]></system-out>
  </testcase>
  <testcase name="shouldGetIncomeByCategory" classname="dio.budgeting.BudgetingApplicationTests" time="0.011">
    <system-out><![CDATA[Hibernate: 
    insert 
    into
        transactions
        (amount, category, created_at, description, type, updated_at, id) 
    values
        (?, ?, ?, ?, ?, ?, ?)
Hibernate: 
    insert 
    into
        transactions
        (amount, category, created_at, description, type, updated_at, id) 
    values
        (?, ?, ?, ?, ?, ?, ?)
Hibernate: 
    insert 
    into
        transactions
        (amount, category, created_at, description, type, updated_at, id) 
    values
        (?, ?, ?, ?, ?, ?, ?)
Hibernate: 
    select
        t1_0.category,
        sum(t1_0.amount) 
    from
        transactions t1_0 
    where
        t1_0.type='INCOME' 
        and t1_0.created_at>=? 
        and t1_0.created_at<? 
    group by
        t1_0.category 
    order by
        2 desc
]]></system-out>
  </testcase>
  <testcase name="shouldRejectZeroAmount" classname="dio.budgeting.BudgetingApplicationTests" time="0.003"/>
  <testcase name="shouldGetTransactionCounts" classname="dio.budgeting.BudgetingApplicationTests" time="0.014">
    <system-out><![CDATA[Hibernate: 
    insert 
    into
        transactions
        (amount, category, created_at, description, type, updated_at, id) 
    values
        (?, ?, ?, ?, ?, ?, ?)
Hibernate: 
    insert 
    into
        transactions
        (amount, category, created_at, description, type, updated_at, id) 
    values
        (?, ?, ?, ?, ?, ?, ?)
Hibernate: 
    insert 
    into
        transactions
        (amount, category, created_at, description, type, updated_at, id) 
    values
        (?, ?, ?, ?, ?, ?, ?)
Hibernate: 
    select
        count(t1_0.id) 
    from
        transactions t1_0 
    where
        t1_0.type=?
Hibernate: 
    select
        count(t1_0.id) 
    from
        transactions t1_0 
    where
        t1_0.type=?
]]></system-out>
  </testcase>
  <testcase name="shouldRejectBlankCategory" classname="dio.budgeting.BudgetingApplicationTests" time="0.003"/>
  <testcase name="contextLoads" classname="dio.budgeting.BudgetingApplicationTests" time="0.002"/>
  <testcase name="shouldGetDailySummary" classname="dio.budgeting.BudgetingApplicationTests" time="0.009">
    <system-out><![CDATA[Hibernate: 
    insert 
    into
        transactions
        (amount, category, created_at, description, type, updated_at, id) 
    values
        (?, ?, ?, ?, ?, ?, ?)
Hibernate: 
    insert 
    into
        transactions
        (amount, category, created_at, description, type, updated_at, id) 
    values
        (?, ?, ?, ?, ?, ?, ?)
Hibernate: 
    select
        t1_0.id,
        t1_0.amount,
        t1_0.category,
        t1_0.created_at,
        t1_0.description,
        t1_0.type,
        t1_0.updated_at 
    from
        transactions t1_0 
    where
        t1_0.created_at>=? 
        and t1_0.created_at<? 
    order by
        t1_0.created_at desc
]]></system-out>
  </testcase>
  <testcase name="shouldDeleteTransaction" classname="dio.budgeting.BudgetingApplicationTests" time="0.031">
    <system-out><![CDATA[Hibernate: 
    insert 
    into
        transactions
        (amount, category, created_at, description, type, updated_at, id) 
    values
        (?, ?, ?, ?, ?, ?, ?)
Hibernate: 
    select
        t1_0.id,
        t1_0.amount,
        t1_0.category,
        t1_0.created_at,
        t1_0.description,
        t1_0.type,
        t1_0.updated_at 
    from
        transactions t1_0
Hibernate: 
    delete 
    from
        transactions 
    where
        id=?
Hibernate: 
    select
        t1_0.id,
        t1_0.amount,
        t1_0.category,
        t1_0.created_at,
        t1_0.description,
        t1_0.type,
        t1_0.updated_at 
    from
        transactions t1_0
]]></system-out>
  </testcase>
  <testcase name="shouldRejectExcessiveAmount" classname="dio.budgeting.BudgetingApplicationTests" time="0.003"/>
  <testcase name="shouldCalculateBalance" classname="dio.budgeting.BudgetingApplicationTests" time="0.013">
    <system-out><![CDATA[Hibernate: 
    insert 
    into
        transactions
        (amount, category, created_at, description, type, updated_at, id) 
    values
        (?, ?, ?, ?, ?, ?, ?)
Hibernate: 
    insert 
    into
        transactions
        (amount, category, created_at, description, type, updated_at, id) 
    values
        (?, ?, ?, ?, ?, ?, ?)
Hibernate: 
    insert 
    into
        transactions
        (amount, category, created_at, description, type, updated_at, id) 
    values
        (?, ?, ?, ?, ?, ?, ?)
Hibernate: 
    select
        sum(case 
            when t1_0.type='INCOME' 
                then t1_0.amount 
            else -t1_0.amount 
    end) 
from
    transactions t1_0
]]></system-out>
  </testcase>
  <testcase name="shouldGetBalanceSince" classname="dio.budgeting.BudgetingApplicationTests" time="0.01">
    <system-out><![CDATA[Hibernate: 
    insert 
    into
        transactions
        (amount, category, created_at, description, type, updated_at, id) 
    values
        (?, ?, ?, ?, ?, ?, ?)
Hibernate: 
    insert 
    into
        transactions
        (amount, category, created_at, description, type, updated_at, id) 
    values
        (?, ?, ?, ?, ?, ?, ?)
Hibernate: 
    select
        sum(case 
            when t1_0.type='INCOME' 
                then t1_0.amount 
            else -t1_0.amount 
    end) 
from
    transactions t1_0 
where
    t1_0.created_at>=?
]]></system-out>
  </testcase>
</testsuite>