<?xml version="1.0" encoding="UTF-8"?>
<testsuite xmlns:xsi="http://www.w3.org/2001/XMLSchema-instance" xsi:noNamespaceSchemaLocation="https://maven.apache.org/surefire/maven-surefire-plugin/xsd/surefire-test-report-3.0.xsd" version="3.0" name="dio.budgeting.infrastructure.ai.AiServiceTest" time="0.581" tests="3" errors="0" skipped="0" failures="0">
  <properties>
[...]
</properties>
  <testcase name="shouldProcessTextCommand" classname="dio.budgeting.infrastructure.ai.AiServiceTest" time="0.491"/>
  <testcase name="shouldTranscribeAudio" classname="dio.budgeting.infrastructure.ai.AiServiceTest" time="0.076"/>
  <testcase name="shouldGenerateSpeech" classname="dio.budgeting.infrastructure.ai.AiServiceTest" time="0.006"/>
</testsuite>